Traceback (most recent call last):
  File "C:\codessssss\HashVault\backend\app.py", line 41, in <module>
    app = create_app()
  File "C:\codessssss\HashVault\backend\app.py", line 26, in create_app
    init_database(app.config)
    ~~~~~~~~~~~~~^^^^^^^^^^^^
  File "C:\codessssss\HashVault\backend\utils\db_utils.py", line 100, in init_database
    conn = _open_connection(config, with_database=False)
  File "C:\codessssss\HashVault\backend\utils\db_utils.py", line 40, in _open_connection
    return pymysql.connect(**params)
           ~~~~~~~~~~~~~~~^^^^^^^^^^
  File "C:\codessssss\HashVault\backend\venv\Lib\site-packages\pymysql\connections.py", line 365, in __init__
    self.connect()
    ~~~~~~~~~~~~^^
  File "C:\codessssss\HashVault\backend\venv\Lib\site-packages\pymysql\connections.py", line 681, in connect
    self._request_authentication()
    ~~~~~~~~~~~~~~~~~~~~~~~~~~~~^^
  File "C:\codessssss\HashVault\backend\venv\Lib\site-packages\pymysql\connections.py", line 958, in _request_authentication
    auth_packet = self._read_packet()
  File "C:\codessssss\HashVault\backend\venv\Lib\site-packages\pymysql\connections.py", line 782, in _read_packet
    packet.raise_for_error()
    ~~~~~~~~~~~~~~~~~~~~~~^^
  File "C:\codessssss\HashVault\backend\venv\Lib\site-packages\pymysql\protocol.py", line 219, in raise_for_error
    err.raise_mysql_exception(self._data)
    ~~~~~~~~~~~~~~~~~~~~~~~~~^^^^^^^^^^^^
  File "C:\codessssss\HashVault\backend\venv\Lib\site-packages\pymysql\err.py", line 150, in raise_mysql_exception
    raise errorclass(errno, errval)
pymysql.err.OperationalError: (1045, "Access denied for user 'root'@'localhost' (using password: NO)")
